<?xml version="1.0" encoding="UTF-8"?>
<!-- Generated by org.testng.reporters.JUnitReportReporter -->
<testsuite hostname="Unosys-Laptop" failures="0" tests="1" name="testcases.TC_DragDrop_Action" time="15.155" errors="0" timestamp="2025-02-17T12:48:24 IST" skipped="0">
  <testcase classname="testcases.TC_DragDrop_Action" name="performDrapdropAction" time="15.155"/>
</testsuite> <!-- testcases.TC_DragDrop_Action -->
