<?xml version="1.0" encoding="UTF-8"?>
<!-- Generated by org.testng.reporters.JUnitReportReporter -->
<testsuite hostname="Unosys-Laptop" failures="0" tests="1" name="testcases.Browser_testcase" time="0.605" errors="0" timestamp="2025-02-17T18:56:24 IST" skipped="0">
  <testcase classname="testcases.Browser_testcase" name="Browser_Activities" time="0.605"/>
</testsuite> <!-- testcases.Browser_testcase -->
