<?xml version="1.0" encoding="UTF-8"?>
<!-- Generated by org.testng.reporters.JUnitReportReporter -->
<testsuite hostname="Unosys-Laptop" failures="0" tests="1" name="testcases.Ecommerce_tc_02" time="12.072" errors="0" timestamp="2025-03-06T15:29:16 IST" skipped="0">
  <testcase classname="testcases.Ecommerce_tc_02" name="Add_TO_Card_Test" time="12.072"/>
</testsuite> <!-- testcases.Ecommerce_tc_02 -->
